[debug] [2022-09-30T01:15:11.591Z] ----------------------------------------------------------------------
[debug] [2022-09-30T01:15:11.601Z] Command:       C:\Program Files\nodejs\node.exe C:\Users\54387\AppData\Roaming\npm\node_modules\firebase-tools\lib\bin\firebase.js init
[debug] [2022-09-30T01:15:11.603Z] CLI Version:   11.11.0
[debug] [2022-09-30T01:15:11.604Z] Platform:      win32
[debug] [2022-09-30T01:15:11.604Z] Node Version:  v16.15.1
[debug] [2022-09-30T01:15:11.806Z] Time:          Thu Sep 29 2022 22:15:11 GMT-0300 (hora estándar de Argentina)
[debug] [2022-09-30T01:15:11.807Z] ----------------------------------------------------------------------
[debug] 
[debug] [2022-09-30T01:15:12.058Z] > command requires scopes: ["email","openid","https://www.googleapis.com/auth/cloudplatformprojects.readonly","https://www.googleapis.com/auth/firebase","https://www.googleapis.com/auth/cloud-platform"]
[debug] [2022-09-30T01:15:12.059Z] > authorizing via signed-in user (framirezforsyth@gmail.com)
[info] 
     ######## #### ########  ######## ########     ###     ######  ########
     ##        ##  ##     ## ##       ##     ##  ##   ##  ##       ##
     ######    ##  ########  ######   ########  #########  ######  ######
     ##        ##  ##    ##  ##       ##     ## ##     ##       ## ##
     ##       #### ##     ## ######## ########  ##     ##  ######  ########

You're about to initialize a Firebase project in this directory:

  C:\Users\54387\Desktop\facu\previateca-app

Before we get started, keep in mind:

  * You are initializing within an existing Firebase project directory

